<?xml version="1.0" encoding="UTF-8"?>
<testsuite xmlns:xsi="http://www.w3.org/2001/XMLSchema-instance" xsi:noNamespaceSchemaLocation="https://maven.apache.org/surefire/maven-surefire-plugin/xsd/surefire-test-report-3.0.xsd" version="3.0" name="com.ditrix.edt.mcp.proxy.ProjectRouterTest" time="0.053" tests="16" errors="0" skipped="0" failures="0">
  <properties>
[...]
</properties>
  <testcase name="testExtractProjectArgBlankProjectNameFallsBackToProject" classname="com.ditrix.edt.mcp.proxy.ProjectRouterTest" time="0.006"/>
  <testcase name="testRouterStatusIsProxySelf" classname="com.ditrix.edt.mcp.proxy.ProjectRouterTest" time="0.004"/>
  <testcase name="testListProjectsIsFanOut" classname="com.ditrix.edt.mcp.proxy.ProjectRouterTest" time="0.003"/>
  <testcase name="testExtractProjectArgAbsentReturnsNull" classname="com.ditrix.edt.mcp.proxy.ProjectRouterTest" time="0.0"/>
  <testcase name="testMalformedRequestRoutesUnscoped" classname="com.ditrix.edt.mcp.proxy.ProjectRouterTest" time="0.003"/>
  <testcase name="testExtractProjectArgPrefersProjectNameOverProject" classname="com.ditrix.edt.mcp.proxy.ProjectRouterTest" time="0.0"/>
  <testcase name="testNoProjectArgRoutesToFirstLiveBackendByAscendingPort" classname="com.ditrix.edt.mcp.proxy.ProjectRouterTest" time="0.005"/>
  <testcase name="testRouterRefreshIsProxySelf" classname="com.ditrix.edt.mcp.proxy.ProjectRouterTest" time="0.003"/>
  <testcase name="testKnownProjectRoutesToItsOwner" classname="com.ditrix.edt.mcp.proxy.ProjectRouterTest" time="0.003"/>
  <testcase name="testUnknownProjectStillUnknownAfterRescanYieldsActionableError" classname="com.ditrix.edt.mcp.proxy.ProjectRouterTest" time="0.003"/>
  <testcase name="testNonToolsCallMethodIgnoresProjectArgAndRoutesUnscoped" classname="com.ditrix.edt.mcp.proxy.ProjectRouterTest" time="0.005"/>
  <testcase name="testDuplicateProjectYieldsErrorNamingBothPorts" classname="com.ditrix.edt.mcp.proxy.ProjectRouterTest" time="0.004"/>
  <testcase name="testExtractProjectArgFallsBackToProject" classname="com.ditrix.edt.mcp.proxy.ProjectRouterTest" time="0.0"/>
  <testcase name="testKnownProjectViaLegacyProjectArgument" classname="com.ditrix.edt.mcp.proxy.ProjectRouterTest" time="0.004"/>
  <testcase name="testUnknownProjectRescansOnceThenRoutesWhenHotPlugged" classname="com.ditrix.edt.mcp.proxy.ProjectRouterTest" time="0.004"/>
  <testcase name="testZeroLiveBackendsYieldsErrorMentioningScanRange" classname="com.ditrix.edt.mcp.proxy.ProjectRouterTest" time="0.004"/>
</testsuite>